0 info it worked if it ends with ok
1 verbose cli [ '/usr/bin/node',
1 verbose cli   '/usr/bin/npm',
1 verbose cli   'completion',
1 verbose cli   '--',
1 verbose cli   'npm',
1 verbose cli   'install',
1 verbose cli   'express-ipfi' ]
2 info using npm@1.4.29
3 info using node@v0.10.42
4 verbose node symlink /usr/bin/node
5 warn deprecated This version of npm lacks support for important features,
6 warn deprecated such as scoped packages, offered by the primary npm
7 warn deprecated registry. Consider upgrading to at least npm@2, if not the
8 warn deprecated latest stable version. To upgrade to npm@2, run:
9 warn deprecated npm -g install npm@latest-2
10 warn deprecated To upgrade to the latest stable version, run:
11 warn deprecated npm -g install npm@latest
12 warn deprecated (Depending on how Node.js was installed on your system, you
13 warn deprecated may need to prefix the preceding commands with `sudo`, or if
14 warn deprecated on Windows, run them from an Administrator prompt.)
15 warn deprecated If you're running the version of npm bundled with
16 warn deprecated Node.js 0.10 LTS, be aware that the next version of 0.10 LTS
17 warn deprecated will be bundled with a version of npm@2, which has some small
18 warn deprecated backwards-incompatible changes made to `npm run-script` and
19 warn deprecated semver behavior.
20 verbose registry.get https://registry.npmjs.org/-/short not expired, no request
21 error TypeError: Object #<Object> has no method 'filter'
21 error     at /usr/lib/node_modules/npm/lib/install.js:43:17
21 error     at RegClient.get_ (/usr/lib/node_modules/npm/node_modules/npm-registry-client/lib/get.js:130:14)
21 error     at RegClient.<anonymous> (/usr/lib/node_modules/npm/node_modules/npm-registry-client/lib/get.js:49:12)
21 error     at evalmachine.<anonymous>:272:14
21 error     at /usr/lib/node_modules/npm/node_modules/graceful-fs/graceful-fs.js:102:5
21 error     at Object.oncomplete (evalmachine.<anonymous>:108:15)
22 error If you need help, you may report this *entire* log,
22 error including the npm and node versions, at:
22 error     <http://github.com/npm/npm/issues>
23 error System Linux 3.19.0-51-generic
24 error command "/usr/bin/node" "/usr/bin/npm" "completion" "--" "npm" "install" "express-ipfi"
25 error cwd /home/jacob/Documents/live/anarchy
26 error node -v v0.10.42
27 error npm -v 1.4.29
28 error type undefined_method
29 verbose exit [ 1, true ]
